xmsim(64) 22.03-s003
Linux 5.13.0-40-generic #45~20.04.1-Ubuntu SMP Mon Apr 4 09:38:31 UTC 2022 x86_64
CPU cores: 48
Limit information:
======================================
cputime			unlimited
filesize		unlimited
datasize		unlimited
stacksize		8192 kbytes
coredumpsize	0 kbytes
memoryuse		unlimited
vmemoryuse		unlimited
descriptors		1048576
memorylocked	65536 kbytes
maxproc			514465
======================================
(Special)Runtime environment variables:

Runtime environment variables:
MACHTYPE=x86_64
USER=aoc_036
SSH_CLIENT=140.116.133.20 29940 22
LC_TIME=lzh_TW
XDG_SESSION_TYPE=tty
SHLVL=3
VENDOR=unknown
MOTD_SHOWN=pam
HOME=/home/AOC2023/aoc2023_036
CONDA_SHLVL=1
LC_MONETARY=lzh_TW
DBUS_SESSION_BUS_ADDRESS=unix:path=/run/user/1315/bus
GROUP=aoc_036
_CONDA_ROOT=/home/AOC2023/aoc2023_036/anaconda3
LOGNAME=aoc_036
_=/home/AOC2023/aoc2023_036/.vscode-server/bin/b3e4e68a0bc097f0ae7907b217c1119af9e03435/bin/code-server
XDG_SESSION_CLASS=user
XDG_SESSION_ID=27364
PATH=/home/AOC2023/aoc2023_036/anaconda3/bin:/home/AOC2023/aoc2023_036/anaconda3/condabin:/usr/cad/synopsys/verdi/2019.06/bin:/usr/cad/cadence/XCELIUM/XCELIUM_22.03.003/tools/bin/64bit:/usr/cad/cadence/XCELIUM/XCELIUM_22.03.003/tools/bin:/home/AOC2023/aoc2023_036/.vscode-server/bin/b3e4e68a0bc097f0ae7907b217c1119af9e03435/bin/remote-cli:/usr/local/sbin:/usr/local/bin:/usr/sbin:/usr/bin:/sbin:/bin:/usr/games:/usr/local/games:/snap/bin:/usr/riscv/bin
LC_ADDRESS=lzh_TW
XDG_RUNTIME_DIR=/run/user/1315
LANG=en_US.UTF-8
LC_TELEPHONE=lzh_TW
CONDA_PYTHON_EXE=/home/AOC2023/aoc2023_036/anaconda3/bin/python
SHELL=/bin/tcsh
LC_NAME=lzh_TW
HOST=user
LC_MEASUREMENT=lzh_TW
_CONDA_EXE=/home/AOC2023/aoc2023_036/anaconda3/bin/conda
LC_IDENTIFICATION=lzh_TW
OSTYPE=linux
PWD=/home/AOC2023/aoc2023_036/git/chip/sigmoid_module_workspace
CONDA_EXE=/home/AOC2023/aoc2023_036/anaconda3/bin/conda
SSH_CONNECTION=140.116.133.20 29940 140.116.164.70 22
LC_NUMERIC=lzh_TW
LC_PAPER=lzh_TW
HOSTTYPE=x86_64-linux
BROWSER=/home/AOC2023/aoc2023_036/.vscode-server/bin/b3e4e68a0bc097f0ae7907b217c1119af9e03435/bin/helpers/browser.sh
TERM_PROGRAM=vscode
TERM_PROGRAM_VERSION=1.78.2
COLORTERM=truecolor
GIT_ASKPASS=/home/AOC2023/aoc2023_036/.vscode-server/bin/b3e4e68a0bc097f0ae7907b217c1119af9e03435/extensions/git/dist/askpass.sh
VSCODE_GIT_ASKPASS_NODE=/home/AOC2023/aoc2023_036/.vscode-server/bin/b3e4e68a0bc097f0ae7907b217c1119af9e03435/node
VSCODE_GIT_ASKPASS_EXTRA_ARGS=
VSCODE_GIT_ASKPASS_MAIN=/home/AOC2023/aoc2023_036/.vscode-server/bin/b3e4e68a0bc097f0ae7907b217c1119af9e03435/extensions/git/dist/askpass-main.js
VSCODE_GIT_IPC_HANDLE=/run/user/1315/vscode-git-ba61a69ac6.sock
VSCODE_IPC_HOOK_CLI=/run/user/1315/vscode-ipc-96cd7e13-3ba5-455c-a2e0-2ed6bfb5dbe7.sock
TERM=xterm-256color
LD_LIBRARY_PATH=/usr/cad/synopsys/verdi/2019.06//share/PLI/IUS/LINUX64
LM_LICENSE_FILE=26585@lstn:5280@lstn:
SHLIB_PATH=/usr/cad/synopsys/verdi/2019.06//etc/lib/libstdc++/LINUX64/:/usr/cad/synopsys/verdi/2019.06//share/PLI/lib/LINUX64/:/usr/cad/synopsys/verdi/2019.06//share/PLI/VCS/LINUX64/:
VERDI_HOME=/usr/cad/synopsys/verdi/2019.06/
CONDA_PREFIX=/home/AOC2023/aoc2023_036/anaconda3
CONDA_DEFAULT_ENV=base
CONDA_PROMPT_MODIFIER=(base) 
_CE_M=
_CE_CONDA=
_XRUNROOT_=/usr/cad/cadence/XCELIUM/XCELIUM_22.03.003/tools
_IRUNROOT_=/usr/cad/cadence/XCELIUM/XCELIUM_22.03.003/tools
_HELIUMROOT_=/usr/cad/cadence/XCELIUM/XCELIUM_22.03.003/tools
CDS_ARCH=lnx86
XMRUNMODE=xmverilog:./xcelium.d/run.lnx8664.22.03.d
XRUNBATCH=FALSE
AMS_LOG_FILE_NAME=xmverilog.log
IMPERAS_PORT_FILE=.vsp_ovp_gdb_port
TCL_LIBRARY=/usr/cad/cadence/XCELIUM/XCELIUM_22.03.003/tools/inca/files/tcl/library
Runtime command line arguments:
argv[0]=xmverilog
argv[1]=gen_int_32_full_range_tb.sv
argv[2]=+access+r
89 profile - 100
          CPU/Mem usage: 0.120 sys,  0.060 user,  378.41M sys,  0.00M vm
90 VC callback profile - scalar:0 vector:0
91 Sat May 27 22:23:48 2023
92 pliAppInit
93 FSDB_GATE is disabled.
94 Enable Parallel Dumping.
95 pliAppMiscSet: New Sim Round
96 pliEntryInit
97 LIBSSCORE=found /usr/cad/synopsys/verdi/2019.06//share/PLI/IUS/LINUX64/libsscore_xcelium171.so through $LD_LIBRARY_PATH setting.
98 Sim process exit
