xmsim(64) 22.03-s003
Linux 5.13.0-40-generic #45~20.04.1-Ubuntu SMP Mon Apr 4 09:38:31 UTC 2022 x86_64
CPU cores: 48
Limit information:
======================================
cputime			unlimited
filesize		unlimited
datasize		unlimited
stacksize		8192 kbytes
coredumpsize	0 kbytes
memoryuse		unlimited
vmemoryuse		unlimited
descriptors		1048576
memorylocked	65536 kbytes
maxproc			514465
======================================
(Special)Runtime environment variables:

Runtime environment variables:
MACHTYPE=x86_64
USER=aoc_036
SSH_CLIENT=140.116.133.20 3203 22
LC_TIME=lzh_TW
XDG_SESSION_TYPE=tty
SHLVL=3
VENDOR=unknown
MOTD_SHOWN=pam
HOME=/home/AOC2023/aoc2023_036
CONDA_SHLVL=0
OLDPWD=/home/AOC2023/aoc2023_036/.vscode-server/bin/695af097c7bd098fbf017ce3ac85e09bbc5dda06
LC_MONETARY=lzh_TW
DBUS_SESSION_BUS_ADDRESS=unix:path=/run/user/1315/bus
GROUP=aoc_036
_CONDA_ROOT=/home/AOC2023/aoc2023_036/anaconda3
LOGNAME=aoc_036
_=/home/AOC2023/aoc2023_036/.vscode-server/bin/695af097c7bd098fbf017ce3ac85e09bbc5dda06/bin/code-server
XDG_SESSION_CLASS=user
XDG_SESSION_ID=36580
PATH=/usr/cad/synopsys/verdi/2019.06//bin:/usr/cad/cadence/XCELIUM/XCELIUM_22.03.003/tools/bin/64bit:/usr/cad/cadence/XCELIUM/XCELIUM_22.03.003/tools/bin:/home/AOC2023/aoc2023_036/.vscode-server/bin/695af097c7bd098fbf017ce3ac85e09bbc5dda06/bin/remote-cli:/usr/local/sbin:/usr/local/bin:/usr/sbin:/usr/bin:/sbin:/bin:/usr/games:/usr/local/games:/snap/bin:/usr/riscv/bin
LC_ADDRESS=lzh_TW
XDG_RUNTIME_DIR=/run/user/1315
LANG=en_US.UTF-8
LC_TELEPHONE=lzh_TW
CONDA_PYTHON_EXE=/home/AOC2023/aoc2023_036/anaconda3/bin/python
SHELL=/bin/tcsh
LC_NAME=lzh_TW
HOST=user
LC_MEASUREMENT=lzh_TW
_CONDA_EXE=/home/AOC2023/aoc2023_036/anaconda3/bin/conda
LC_IDENTIFICATION=lzh_TW
OSTYPE=linux
PWD=/home/AOC2023/aoc2023_036/final/a_goinside/chip
CONDA_EXE=/home/AOC2023/aoc2023_036/anaconda3/bin/conda
SSH_CONNECTION=140.116.133.20 3203 140.116.164.70 22
LC_NUMERIC=lzh_TW
LC_PAPER=lzh_TW
HOSTTYPE=x86_64-linux
BROWSER=/home/AOC2023/aoc2023_036/.vscode-server/bin/695af097c7bd098fbf017ce3ac85e09bbc5dda06/bin/helpers/browser.sh
TERM_PROGRAM=vscode
TERM_PROGRAM_VERSION=1.79.2
COLORTERM=truecolor
GIT_ASKPASS=/home/AOC2023/aoc2023_036/.vscode-server/bin/695af097c7bd098fbf017ce3ac85e09bbc5dda06/extensions/git/dist/askpass.sh
VSCODE_GIT_ASKPASS_NODE=/home/AOC2023/aoc2023_036/.vscode-server/bin/695af097c7bd098fbf017ce3ac85e09bbc5dda06/node
VSCODE_GIT_ASKPASS_EXTRA_ARGS=
VSCODE_GIT_ASKPASS_MAIN=/home/AOC2023/aoc2023_036/.vscode-server/bin/695af097c7bd098fbf017ce3ac85e09bbc5dda06/extensions/git/dist/askpass-main.js
VSCODE_GIT_IPC_HANDLE=/run/user/1315/vscode-git-beb006ac34.sock
VSCODE_IPC_HOOK_CLI=/run/user/1315/vscode-ipc-cd8d24e4-ab82-4b0f-9ec5-6b9bb7a6c17d.sock
TERM=xterm-256color
LD_LIBRARY_PATH=/usr/cad/synopsys/verdi/2019.06//share/PLI/IUS/LINUX64
LM_LICENSE_FILE=26585@lstn:5280@lstn:
SHLIB_PATH=/usr/cad/synopsys/verdi/2019.06//etc/lib/libstdc++/LINUX64/:/usr/cad/synopsys/verdi/2019.06//share/PLI/lib/LINUX64/:/usr/cad/synopsys/verdi/2019.06//share/PLI/VCS/LINUX64/:
VERDI_HOME=/usr/cad/synopsys/verdi/2019.06/
_XRUNROOT_=/usr/cad/cadence/XCELIUM/XCELIUM_22.03.003/tools
_IRUNROOT_=/usr/cad/cadence/XCELIUM/XCELIUM_22.03.003/tools
_HELIUMROOT_=/usr/cad/cadence/XCELIUM/XCELIUM_22.03.003/tools
CDS_ARCH=lnx86
XMRUNMODE=xmverilog:./xcelium.d/run.lnx8664.22.03.d
XRUNBATCH=FALSE
AMS_LOG_FILE_NAME=xmverilog.log
IMPERAS_PORT_FILE=.vsp_ovp_gdb_port
TCL_LIBRARY=/usr/cad/cadence/XCELIUM/XCELIUM_22.03.003/tools/inca/files/tcl/library
Runtime command line arguments:
argv[0]=xmverilog
argv[1]=sram_l1cache_tb.sv
argv[2]=+access+r
85 profile - 100
          CPU/Mem usage: 0.040 sys,  0.010 user,  110.08M sys,  0.00M vm
86 VC callback profile - scalar:0 vector:0
87 Mon Jun 19 20:39:35 2023
88 pliAppInit
89 FSDB_GATE is disabled.
90 Enable Parallel Dumping.
91 pliAppMiscSet: New Sim Round
92 pliEntryInit
93 LIBSSCORE=found /usr/cad/synopsys/verdi/2019.06//share/PLI/IUS/LINUX64/libsscore_xcelium171.so through $LD_LIBRARY_PATH setting.
94 argv[0]: sram_wrap_l1.fsdb
95 argv[0]: +all
96 FSDB Dumper for Xcelium, Release Verdi_P-2019.06, Linux x86_64/64bit, 05/26/2019
97 (C) 1996 - 2019 by Synopsys, Inc.
98 ***********************************************************************
99 *  WARNING -                                                          *
100 *  The simulator version is newer than the FSDB Writer version which  *
101 *  may cause abnormal behavior, please contact Cadence support for    *
102 *  assistance.                                                        *
103 ***********************************************************************
104 sps_call_fsdbDumpfile at 0 : /home/AOC2023/aoc2023_036/final/a_goinside/chip/sram_l1cache_tb.sv(53)
105 argv[0]: sram_wrap_l1.fsdb
106 *Verdi* FSDB WARNING: The FSDB file already exists. Overwriting the FSDB file may crash the programs that are using this file.
107 *Verdi* : Create FSDB file 'sram_wrap_l1.fsdb'
108 sps_call_fsdbDumpvars at 0 : /home/AOC2023/aoc2023_036/final/a_goinside/chip/sram_l1cache_tb.sv(54)
109 argv[0]: +all
110 *Verdi* : Begin traversing the scopes, layer (0).
111 *Verdi* : Enable +all dumping.
112 *Verdi* : End of traversing.
113 fsdbDumpvars traverse var: profile - 
          CPU/Mem usage: 0.050 sys,  0.010 user,  197.54M sys,  0.00M vm
                   incr: 0.000 sys,  0.000 user,  4.30M sys,  0.00M vm
                   accu: 0.000 sys,  0.000 user,  4.30M sys,  0.00M vm
              accu incr: 0.000 sys,  0.000 user,  4.30M sys,  0.00M vm

          Count usage: 587 var,  583 idcode,  583 callback
                 incr: 587 var,  583 idcode,  583 callback
                 accu: 587 var,  583 idcode,  583 callback
            accu incr: 587 var,  583 idcode,  583 callback
114 VC callback profile - scalar:0 vector:0
115 Mon Jun 19 20:39:35 2023
116 fsdbDumpvars: profile - 
          CPU/Mem usage: 0.050 sys,  0.010 user,  198.59M sys,  0.00M vm
                   incr: 0.000 sys,  0.000 user,  1.05M sys,  0.00M vm
                   accu: 0.000 sys,  0.000 user,  5.35M sys,  0.00M vm
              accu incr: 0.000 sys,  0.000 user,  1.05M sys,  0.00M vm

          Count usage: 587 var,  583 idcode,  583 callback
                 incr: 0 var,  0 idcode,  0 callback
                 accu: 587 var,  583 idcode,  583 callback
            accu incr: 0 var,  0 idcode,  0 callback
117 VC callback profile - scalar:54 vector:529
118 Mon Jun 19 20:39:35 2023
119 End of simulation at 61
120 VC callback profile - scalar:379 vector:663
121 Mon Jun 19 20:39:35 2023
122 Begin FSDB profile info:
123 FSDB Writer : bc1(379) bcn(663) mtf/stf(0/0)
FSDB Writer elapsed time : flush(0.013288) io wait(0.000000) theadpool wait(0.000000) target functin(0.000000)
FSDB Writer cpu time : MT Compression : 0
124 End FSDB profile info
125 Parallel profile    -  Flush:3 Expand:0 ProduceWait:0 ConsumerWait:0 BlockUsed:1
126                        ProduceTime:0.078586217 ConsumerTime:0.000000000 Buffer:64MB
127 SimExit
128 Sim process exit
